2020-05-17 12:36:12,139:INFO:File Read Successfully
2020-05-17 12:36:12,179:INFO:Outlier Analysis Starting
2020-05-17 12:36:12,326:INFO:Outlier Analysis Complete for height column
2020-05-17 12:36:12,450:INFO:Outlier Analysis Complete for weight column
2020-05-17 12:36:12,600:INFO:Outlier Analysis Complete for ap_hi column
2020-05-17 12:36:12,751:INFO:Outlier Analysis Complete for ap_lo column
2020-05-17 12:36:12,752:INFO:Cleaning data based on Outlier Analysis
2020-05-17 12:36:12,772:INFO:Cleaning data completed based on Outlier Analysis
2020-05-17 12:36:12,786:INFO:Splitting data into Train and Test
2020-05-17 12:36:12,802:INFO:Starting Gradient Boost Classifier
2020-05-17 12:36:12,802:INFO:Model ran successfully
2020-05-17 12:38:02,111:INFO:File Read Successfully
2020-05-17 12:38:02,164:INFO:Outlier Analysis Starting
2020-05-17 12:38:02,334:INFO:Outlier Analysis Complete for height column
2020-05-17 12:38:02,513:INFO:Outlier Analysis Complete for weight column
2020-05-17 12:38:02,673:INFO:Outlier Analysis Complete for ap_hi column
2020-05-17 12:38:02,827:INFO:Outlier Analysis Complete for ap_lo column
2020-05-17 12:38:02,827:INFO:Cleaning data based on Outlier Analysis
2020-05-17 12:38:02,853:INFO:Cleaning data completed based on Outlier Analysis
2020-05-17 12:38:02,867:INFO:Splitting data into Train and Test
2020-05-17 12:38:02,883:INFO:Starting Gradient Boost Classifier
2020-05-17 12:38:02,884:INFO:Model Initiated successfully
2020-05-17 13:07:40,934:INFO:Model Fitted Successfully
2020-05-17 13:07:41,055:INFO:Model Predicted Successfully
2020-05-17 13:07:41,200:INFO:Model dumped to .pkl file
2020-05-17 13:07:41,221:INFO:.pkl loaded Successfully
2020-05-17 13:07:41,222:INFO:.pkl file predicted successfully
